build/app/outputs/mapping/release/mapping.txt
# compiler: R8
# compiler_version: 2.1.62
# min_api: 20
# pg_map_id: 1e94db0
# common_typos_disable
...
io.flutter.plugin.common.BinaryMessenger$BinaryMessageHandler -> b.a.c.a.b$a:
    void onMessage(java.nio.ByteBuffer,io.flutter.plugin.common.BinaryMessenger$BinaryReply) -> a
io.flutter.plugin.common.BinaryMessenger$BinaryReply -> b.a.c.a.b$b:
    void reply(java.nio.ByteBuffer) -> a
io.flutter.plugin.common.FlutterException -> b.a.c.a.c:
    java.lang.Object details -> b
    java.lang.String code -> a
io.flutter.plugin.common.JSONMessageCodec -> b.a.c.a.d:
    io.flutter.plugin.common.JSONMessageCodec INSTANCE -> a
    java.lang.Object decodeMessage(java.nio.ByteBuffer) -> a
    java.nio.ByteBuffer encodeMessage(java.lang.Object) -> b
io.flutter.plugin.common.JSONMethodCodec -> b.a.c.a.e:
    io.flutter.plugin.common.JSONMethodCodec INSTANCE -> a
    java.nio.ByteBuffer encodeErrorEnvelopeWithStacktrace(java.lang.String,java.lang.String,java.lang.Object,java.lang.String) -> a
    java.nio.ByteBuffer encodeMethodCall(io.flutter.plugin.common.MethodCall) -> b
    java.nio.ByteBuffer encodeErrorEnvelope(java.lang.String,java.lang.String,java.lang.Object) -> c
    java.nio.ByteBuffer encodeSuccessEnvelope(java.lang.Object) -> d
    io.flutter.plugin.common.MethodCall decodeMethodCall(java.nio.ByteBuffer) -> e
    java.lang.Object decodeEnvelope(java.nio.ByteBuffer) -> f
    java.lang.Object unwrapNull(java.lang.Object) -> g
io.flutter.plugin.common.JSONUtil -> b.a.c.a.f:
    java.lang.Object wrap(java.lang.Object) -> a
io.flutter.plugin.common.MessageCodec -> b.a.c.a.g:
    java.lang.Object decodeMessage(java.nio.ByteBuffer) -> a
    java.nio.ByteBuffer encodeMessage(java.lang.Object) -> b
io.flutter.plugin.common.MethodCall -> b.a.c.a.h:
    java.lang.Object arguments -> b
    java.lang.String method -> a
    java.lang.Object arguments() -> a
io.flutter.plugin.common.MethodChannel -> b.a.c.a.i:
    io.flutter.plugin.common.MethodCodec codec -> c
    io.flutter.plugin.common.BinaryMessenger messenger -> a
    java.lang.String name -> b
    io.flutter.plugin.common.MethodCodec access$000(io.flutter.plugin.common.MethodChannel) -> a
    java.lang.String access$100(io.flutter.plugin.common.MethodChannel) -> b
    void invokeMethod(java.lang.String,java.lang.Object) -> c
    void invokeMethod(java.lang.String,java.lang.Object,io.flutter.plugin.common.MethodChannel$Result) -> d
    void setMethodCallHandler(io.flutter.plugin.common.MethodChannel$MethodCallHandler) -> e
io.flutter.plugin.common.MethodChannel$IncomingMethodCallHandler -> b.a.c.a.i$a:
    io.flutter.plugin.common.MethodChannel$MethodCallHandler handler -> a
    io.flutter.plugin.common.MethodChannel this$0 -> b
    void onMessage(java.nio.ByteBuffer,io.flutter.plugin.common.BinaryMessenger$BinaryReply) -> a
    java.lang.String getStackTrace(java.lang.Exception) -> b
io.flutter.plugin.common.MethodChannel$IncomingMethodCallHandler$1 -> b.a.c.a.i$a$a:
    io.flutter.plugin.common.BinaryMessenger$BinaryReply val$reply -> a
    io.flutter.plugin.common.MethodChannel$IncomingMethodCallHandler this$1 -> b
    void error(java.lang.String,java.lang.String,java.lang.Object) -> a
    void success(java.lang.Object) -> b
    void notImplemented() -> c
io.flutter.plugin.common.MethodChannel$IncomingResultHandler -> b.a.c.a.i$b:
    io.flutter.plugin.common.MethodChannel$Result callback -> a
    io.flutter.plugin.common.MethodChannel this$0 -> b
    void reply(java.nio.ByteBuffer) -> a
io.flutter.plugin.common.MethodChannel$MethodCallHandler -> b.a.c.a.i$c:
    void onMethodCall(io.flutter.plugin.common.MethodCall,io.flutter.plugin.common.MethodChannel$Result) -> a
io.flutter.plugin.common.MethodChannel$Result -> b.a.c.a.i$d:
    void error(java.lang.String,java.lang.String,java.lang.Object) -> a
    void success(java.lang.Object) -> b
    void notImplemented() -> c