build/app/outputs/mapping/release/usage.txt
com.example.weather_app_bloc.R$dimen
com.example.weather_app_bloc.R$mipmap
com.example.weather_app_bloc.BuildConfig
com.example.weather_app_bloc.R$id
com.example.weather_app_bloc.R$style
com.example.weather_app_bloc.R$integer
com.example.weather_app_bloc.R$string
com.example.weather_app_bloc.R$styleable
com.example.weather_app_bloc.R$layout
com.example.weather_app_bloc.R$attr
com.example.weather_app_bloc.R$drawable
com.example.weather_app_bloc.R$color
com.example.weather_app_bloc.R
...
androidx.annotation.MenuRes
androidx.fragment.app.FragmentManagerViewModel$1
androidx.savedstate.SavedStateRegistry:
    void <init>()
    public void registerSavedStateProvider(java.lang.String,androidx.savedstate.SavedStateRegistry$SavedStateProvider)
    public void unregisterSavedStateProvider(java.lang.String)
    public boolean isRestored()
    public void runOnNextRecreation(java.lang.Class)
    void performRestore(androidx.lifecycle.Lifecycle,android.os.Bundle)
    void performSave(android.os.Bundle)
    private androidx.arch.core.internal.SafeIterableMap mComponents
    private android.os.Bundle mRestoredState
    private boolean mRestored
    private androidx.savedstate.Recreator$SavedStateProvider mRecreatorProvider
    private static final java.lang.String SAVED_COMPONENTS_KEY
io.flutter.plugin.platform.PlatformViewRegistry:
    public abstract boolean registerViewFactory(java.lang.String,io.flutter.plugin.platform.PlatformViewFactory)
kotlin.UByteArrayKt
kotlin.collections.MapsKt__MapWithDefaultKt
kotlin.text.StringsKt__StringsKt$rangesDelimitedBy$2
kotlin.ranges.CharProgression$Companion
kotlin.comparisons.ComparisonsKt__ComparisonsKt$compareBy$3
kotlin.internal.RequireKotlinVersionKind
kotlin.coroutines.EmptyCoroutineContext
androidx.core.text.PrecomputedTextCompat$Params
kotlin.jvm.internal.markers.KMutableIterator
kotlin.collections.SlidingWindowKt$windowedIterator$1
kotlin.collections.ArraysKt___ArraysJvmKt$asList$1
kotlin.text.StringsKt__StringsKt$iterator$1
androidx.lifecycle.ComputableLiveData
kotlin.coroutines.jvm.internal.DebugMetadata
kotlin.StandardKt
androidx.core.text.TextDirectionHeuristicsCompat$FirstStrong
androidx.core.app.NotificationCompat$GroupAlertBehavior
androidx.core.graphics.drawable.RoundedBitmapDrawableFactory$DefaultRoundedBitmapDrawable
androidx.core.view.NestedScrollingParent2
kotlin.ranges.ULongProgression$Companion
kotlin.InitializedLazyImpl
androidx.activity.R$style
kotlin.jvm.JvmSynthetic
kotlin.reflect.KMutableProperty1
kotlin.properties.Delegates
androidx.core.app.JobIntentService$CommandProcessor
kotlin.io.ConstantsKt
io.flutter.view.FlutterView$ViewportMetrics
androidx.core.provider.FontsContractCompat$5
androidx.core.view.ViewCompat$1
androidx.core.view.inputmethod.InputContentInfoCompat$InputContentInfoCompatImpl
androidx.core.view.accessibility.AccessibilityNodeProviderCompat
androidx.annotation.AnimatorRes
kotlin.LazyKt
androidx.core.view.accessibility.AccessibilityManagerCompat$TouchExplorationStateChangeListenerWrapper
androidx.versionedparcelable.ParcelField
androidx.core.content.res.ColorStateListInflaterCompat
androidx.fragment.app.Fragment$OnStartEnterTransitionListener
kotlin.time.Duration$Companion
kotlin.time.AbstractDoubleClock$DoubleClockMark
kotlin.collections.ShortIterator
androidx.core.text.TextDirectionHeuristicsCompat$AnyStrong
org.intellij.lang.annotations.JdkConstants$TreeSelectionMode
kotlin.coroutines.experimental.intrinsics.IntrinsicsKt__IntrinsicsJvmKt$buildContinuationByInvokeCall$continuation$1
kotlin.internal.DynamicExtension
kotlin.PreconditionsKt
androidx.collection.ArraySet$1
androidx.core.provider.FontsContractCompat$FontRequestCallback
kotlin.jvm.internal.FunctionReferenceImpl
kotlin.UByteArray
io.flutter.plugin.editing.TextInputPlugin:
    android.text.Editable getEditable()
    io.flutter.plugin.editing.ImeSyncDeferringInsetsCallback getImeSyncCallback()
    public io.flutter.embedding.android.AndroidKeyProcessor getKeyEventProcessor()
    private static final java.lang.String TAG
androidx.core.app.NotificationManagerCompat$SideChannelManager$ListenerRecord
kotlin.coroutines.CombinedContext
kotlin._Assertions
androidx.core.graphics.TypefaceCompatBaseImpl$StyleExtractor
androidx.core.database.DatabaseUtilsCompat
androidx.fragment.app.FragmentTransitionCompat21$1
androidx.core.view.MenuItemCompat$OnActionExpandListener
kotlin.collections.ArraysKt___ArraysKt$asSequence$$inlined$Sequence$1
kotlin.coroutines.ContinuationKt$Continuation$1